2019-05-22 08:33:39: -- Analysis Started by User Command
2019-05-22 08:33:56: Cannot read folder ftp://files.000webhost.com/public_html/api/vendor/doctrine/instantiator/docs/en: server says after data transfer: 500: MLSD: Connection timed out
2019-05-22 08:33:56: FTP: MLSD is broken, so turn it off: PASV says: 250: OK. Current directory is /public_html/api/vendor/doctrine/instantiator/src
2019-05-22 08:33:56: Cannot read folder ftp://files.000webhost.com/public_html/api/vendor/doctrine/instantiator/src: listing folder with LIST: cannot start transfer: 227: Entering Passive Mode (145,14,145,4,120,127).
2019-05-22 08:33:56: Cannot read folder ftp://files.000webhost.com/public_html/api/vendor/illuminate: Server says: Connecting to port 37331
2019-05-22 08:34:27: Waiting for 8 sec on verb CWD /public_html/api/vendor/monolog: FTP Server Says: Idle timeout (30 seconds): closing control connection
2019-05-22 08:34:44: Cannot read folder ftp://files.000webhost.com/public_html/api/vendor/monolog/monolog/src/Monolog/Handler/FingersCrossed: server says after data transfer: 500: LIST: Connection timed out
2019-05-22 08:34:44: Cannot read folder ftp://files.000webhost.com/public_html/api/vendor/monolog/monolog/src/Monolog/Handler/Slack: listing folder with LIST: PASV says: 250: OK. Current directory is /public_html/api/vendor/monolog/monolog/src/Monolog/Handler/Slack
2019-05-22 08:34:44: Cannot read folder ftp://files.000webhost.com/public_html/api/vendor/monolog/monolog/src/Monolog/Handler/SyslogUdp: listing folder with LIST: PASV says: 250: OK. Current directory is /public_html/api/vendor/monolog/monolog/src/Monolog/Handler/SyslogUdp
2019-05-22 08:34:44: Cannot read folder ftp://files.000webhost.com/public_html/api/vendor/monolog/monolog/src/Monolog/Processor: listing folder with LIST: PASV says: 250: OK. Current directory is /public_html/api/vendor/monolog/monolog/src/Monolog/Processor
2019-05-22 08:34:44: Cannot read folder ftp://files.000webhost.com/public_html/api/vendor/monolog/monolog/tests: listing folder with LIST: PASV says: 250: OK. Current directory is /public_html/api/vendor/monolog/monolog/tests
2019-05-22 08:34:45: Cannot read folder ftp://files.000webhost.com/public_html/api/vendor/myclabs: listing folder with LIST: PASV says: 250: OK. Current directory is /public_html/api/vendor/myclabs
2019-05-22 08:34:45: Cannot read folder ftp://files.000webhost.com/public_html/api/vendor/nesbot: listing folder with LIST: PASV says: 250: OK. Current directory is /public_html/api/vendor/nesbot
2019-05-22 08:34:45: Cannot read folder ftp://files.000webhost.com/public_html/api/vendor/nikic: listing folder with LIST: PASV says: 250: OK. Current directory is /public_html/api/vendor/nikic
2019-05-22 08:34:45: Cannot read folder ftp://files.000webhost.com/public_html/api/vendor/phar-io: listing folder with LIST: PASV says: 250: OK. Current directory is /public_html/api/vendor/phar-io
2019-05-22 08:34:45: Cannot read folder ftp://files.000webhost.com/public_html/api/vendor/phpdocumentor: listing folder with LIST: PASV says: 250: OK. Current directory is /public_html/api/vendor/phpdocumentor
2019-05-22 08:34:45: Cannot read folder ftp://files.000webhost.com/public_html/api/vendor/phpspec: listing folder with LIST: PASV says: 250: OK. Current directory is /public_html/api/vendor/phpspec
2019-05-22 08:34:46: Cannot read folder ftp://files.000webhost.com/public_html/api/vendor/phpunit: listing folder with LIST: PASV says: 250: OK. Current directory is /public_html/api/vendor/phpunit
2019-05-22 08:34:46: Cannot read folder ftp://files.000webhost.com/public_html/api/vendor/pimple: listing folder with LIST: PASV says: 250: OK. Current directory is /public_html/api/vendor/pimple
2019-05-22 08:34:46: Cannot read folder ftp://files.000webhost.com/public_html/api/vendor/psr: listing folder with LIST: PASV says: 250: OK. Current directory is /public_html/api/vendor/psr
2019-05-22 08:34:46: Cannot read folder ftp://files.000webhost.com/public_html/api/vendor/sebastian: listing folder with LIST: PASV says: 250: OK. Current directory is /public_html/api/vendor/sebastian
2019-05-22 08:34:46: Cannot read folder ftp://files.000webhost.com/public_html/api/vendor/slim: listing folder with LIST: PASV says: 250: OK. Current directory is /public_html/api/vendor/slim
2019-05-22 08:34:46: Cannot read folder ftp://files.000webhost.com/public_html/api/vendor/symfony: listing folder with LIST: PASV says: 250: OK. Current directory is /public_html/api/vendor/symfony
2019-05-22 08:34:46: Cannot read folder ftp://files.000webhost.com/public_html/api/vendor/theseer: listing folder with LIST: PASV says: 250: OK. Current directory is /public_html/api/vendor/theseer
2019-05-22 08:34:46: Cannot read folder ftp://files.000webhost.com/public_html/api/vendor/webmozart: listing folder with LIST: PASV says: 250: OK. Current directory is /public_html/api/vendor/webmozart
2019-05-22 08:34:46: R: Old-New Rounding Time Shift of 0 hours (type 2) detected for 58% (83/141) files. Decided: No Change on this side
2019-05-22 08:34:46: Analyze has finished with Errors. Click Errors button to see all error items
2019-05-22 08:34:46: Changes: 3.930, Conflicts: 0, CopyTime: 0, FixState: 100, Errors: 3.930, All: 4118
2019-05-22 08:34:46: -- Analysis Complete. Time 00:01:09, Speed: 457 files/s
2019-05-22 08:34:46: 
2019-05-22 08:35:05: == Sync Started by User Command
2019-05-22 08:35:08: Please click Analyze again because another job has Synced and it invalidated analysis results of this job.
State file: ftp://files.000webhost.com/public_html/api/_gsdata_/_file_state_v4._gs
New: [size=(1) time=(null-time)] != 
Old: [size=63.052 time=2019-05-22 03:31:37]

2019-05-22 08:35:08: 
